<?xml version="1.0" encoding="UTF-8"?>
<testng-results ignored="0" total="2" passed="2" failed="0" skipped="0">
  <reporter-output>
  </reporter-output>
  <suite started-at="2023-03-29T14:36:39 IST" name="Default suite" finished-at="2023-03-29T14:36:54 IST" duration-ms="14296">
    <groups>
    </groups>
    <test started-at="2023-03-29T14:36:39 IST" name="Default test" finished-at="2023-03-29T14:36:54 IST" duration-ms="14296">
      <class name="march24.AdvanceReports">
        <test-method is-config="true" signature="generateReport()[pri:0, instance:march24.AdvanceReports@4b741d6d]" started-at="2023-03-29T14:36:39 IST" name="generateReport" finished-at="2023-03-29T14:36:40 IST" duration-ms="205" status="PASS">
          <reporter-output>
          </reporter-output>
        </test-method> <!-- generateReport -->
        <test-method is-config="true" signature="Steup()[pri:0, instance:march24.AdvanceReports@4b741d6d]" started-at="2023-03-29T14:36:40 IST" name="Steup" finished-at="2023-03-29T14:36:44 IST" duration-ms="4411" status="PASS">
          <reporter-output>
          </reporter-output>
        </test-method> <!-- Steup -->
        <test-method signature="testcase1()[pri:0, instance:march24.AdvanceReports@4b741d6d]" started-at="2023-03-29T14:36:44 IST" name="testcase1" finished-at="2023-03-29T14:36:44 IST" duration-ms="18" status="PASS">
          <reporter-output>
          </reporter-output>
        </test-method> <!-- testcase1 -->
        <test-method is-config="true" signature="tearDown()[pri:0, instance:march24.AdvanceReports@4b741d6d]" started-at="2023-03-29T14:36:44 IST" name="tearDown" finished-at="2023-03-29T14:36:45 IST" duration-ms="456" status="PASS">
          <reporter-output>
          </reporter-output>
        </test-method> <!-- tearDown -->
        <test-method is-config="true" signature="Steup()[pri:0, instance:march24.AdvanceReports@4b741d6d]" started-at="2023-03-29T14:36:45 IST" name="Steup" finished-at="2023-03-29T14:36:53 IST" duration-ms="8896" status="PASS">
          <reporter-output>
          </reporter-output>
        </test-method> <!-- Steup -->
        <test-method signature="testcase2()[pri:0, instance:march24.AdvanceReports@4b741d6d]" started-at="2023-03-29T14:36:53 IST" name="testcase2" finished-at="2023-03-29T14:36:53 IST" duration-ms="11" status="PASS">
          <reporter-output>
          </reporter-output>
        </test-method> <!-- testcase2 -->
        <test-method is-config="true" signature="tearDown()[pri:0, instance:march24.AdvanceReports@4b741d6d]" started-at="2023-03-29T14:36:53 IST" name="tearDown" finished-at="2023-03-29T14:36:54 IST" duration-ms="259" status="PASS">
          <reporter-output>
          </reporter-output>
        </test-method> <!-- tearDown -->
      </class> <!-- march24.AdvanceReports -->
    </test> <!-- Default test -->
  </suite> <!-- Default suite -->
</testng-results>
